TN:
SF:src/services/OrderService.js
FN:12,(anonymous_0)
FN:28,(anonymous_1)
FN:31,(anonymous_2)
FN:39,(anonymous_3)
FN:54,(anonymous_4)
FN:70,(anonymous_5)
FN:79,(anonymous_6)
FN:109,(anonymous_7)
FN:469,(anonymous_8)
FN:517,(anonymous_9)
FN:544,(anonymous_10)
FN:558,(anonymous_11)
FN:584,(anonymous_12)
FNF:13
FNH:11
FNDA:30,(anonymous_0)
FNDA:31,(anonymous_1)
FNDA:0,(anonymous_2)
FNDA:2,(anonymous_3)
FNDA:0,(anonymous_4)
FNDA:31,(anonymous_5)
FNDA:20,(anonymous_6)
FNDA:9,(anonymous_7)
FNDA:1,(anonymous_8)
FNDA:16,(anonymous_9)
FNDA:3,(anonymous_10)
FNDA:2,(anonymous_11)
FNDA:2,(anonymous_12)
DA:13,30
DA:14,30
DA:17,30
DA:18,30
DA:19,30
DA:22,30
DA:30,31
DA:31,31
DA:32,0
DA:40,2
DA:41,2
DA:44,2
DA:45,112
DA:46,100
DA:47,100
DA:52,2
DA:53,0
DA:54,0
DA:55,0
DA:56,0
DA:57,0
DA:58,0
DA:62,2
DA:63,2
DA:71,31
DA:72,31
DA:73,31
DA:80,20
DA:81,20
DA:82,20
DA:84,20
DA:85,1
DA:86,19
DA:87,1
DA:89,18
DA:92,0
DA:94,0
DA:95,0
DA:96,0
DA:97,0
DA:99,0
DA:110,9
DA:111,9
DA:114,9
DA:117,9
DA:120,9
DA:121,9
DA:122,9
DA:125,9
DA:126,1
DA:129,8
DA:130,8
DA:134,7
DA:137,7
DA:143,8
DA:144,1
DA:145,1
DA:151,7
DA:152,7
DA:153,1
DA:154,1
DA:157,1
DA:168,1
DA:169,1
DA:170,1
DA:171,1
DA:173,1
DA:174,1
DA:178,1
DA:182,1
DA:185,0
DA:194,6
DA:198,6
DA:203,6
DA:204,0
DA:210,6
DA:211,6
DA:213,6
DA:222,0
DA:226,0
DA:233,0
DA:235,0
DA:236,0
DA:237,0
DA:238,0
DA:245,0
DA:246,0
DA:249,0
DA:250,0
DA:251,0
DA:252,0
DA:254,0
DA:259,6
DA:260,1
DA:261,1
DA:263,1
DA:269,5
DA:270,5
DA:271,5
DA:272,5
DA:273,2
DA:274,2
DA:275,2
DA:276,2
DA:278,3
DA:280,3
DA:281,3
DA:282,3
DA:284,3
DA:286,1
DA:287,1
DA:288,1
DA:289,1
DA:290,1
DA:293,0
DA:294,0
DA:295,0
DA:301,2
DA:304,2
DA:307,0
DA:308,0
DA:309,0
DA:314,2
DA:319,0
DA:323,5
DA:324,5
DA:326,5
DA:327,5
DA:328,5
DA:330,5
DA:332,5
DA:334,3
DA:337,3
DA:351,3
DA:358,0
DA:359,0
DA:366,2
DA:367,2
DA:368,2
DA:380,0
DA:381,0
DA:391,0
DA:393,0
DA:396,2
DA:398,0
DA:402,5
DA:403,3
DA:413,3
DA:414,0
DA:415,0
DA:428,3
DA:429,3
DA:430,0
DA:432,3
DA:433,3
DA:437,3
DA:440,3
DA:444,2
DA:450,5
DA:451,3
DA:453,2
DA:461,1
DA:462,1
DA:468,1
DA:469,1
DA:472,1
DA:473,1
DA:474,1
DA:477,0
DA:480,0
DA:491,0
DA:492,0
DA:493,0
DA:495,0
DA:496,0
DA:499,0
DA:500,0
DA:501,0
DA:503,0
DA:518,16
DA:519,5
DA:522,11
DA:531,11
DA:534,11
DA:549,3
DA:559,2
DA:561,2
DA:564,1
DA:566,1
DA:572,1
DA:574,1
DA:575,1
DA:585,2
DA:587,2
DA:590,1
DA:597,1
DA:598,1
DA:606,1
DA:608,1
DA:615,1
DA:617,1
DA:619,1
DA:620,1
LF:203
LH:146
BRDA:30,0,0,0
BRDA:30,0,1,31
BRDA:45,1,0,100
BRDA:45,1,1,12
BRDA:52,2,0,0
BRDA:52,2,1,2
BRDA:62,3,0,2
BRDA:62,3,1,0
BRDA:71,4,0,31
BRDA:71,4,1,0
BRDA:79,5,0,17
BRDA:82,6,0,20
BRDA:82,6,1,0
BRDA:84,7,0,1
BRDA:84,7,1,19
BRDA:86,8,0,1
BRDA:86,8,1,18
BRDA:92,9,0,0
BRDA:92,9,1,0
BRDA:94,10,0,0
BRDA:94,10,1,0
BRDA:96,11,0,0
BRDA:96,11,1,0
BRDA:114,12,0,9
BRDA:114,12,1,0
BRDA:114,13,0,9
BRDA:114,13,1,0
BRDA:114,14,0,9
BRDA:114,14,1,0
BRDA:117,15,0,9
BRDA:117,15,1,0
BRDA:120,16,0,9
BRDA:120,16,1,0
BRDA:120,17,0,9
BRDA:120,17,1,9
BRDA:125,18,0,1
BRDA:125,18,1,8
BRDA:125,19,0,9
BRDA:125,19,1,1
BRDA:143,20,0,1
BRDA:143,20,1,7
BRDA:151,21,0,7
BRDA:151,21,1,6
BRDA:152,22,0,1
BRDA:152,22,1,6
BRDA:152,23,0,7
BRDA:152,23,1,7
BRDA:168,24,0,1
BRDA:168,24,1,0
BRDA:169,25,0,1
BRDA:169,25,1,1
BRDA:171,26,0,1
BRDA:171,26,1,0
BRDA:173,27,0,1
BRDA:173,27,1,0
BRDA:187,28,0,0
BRDA:187,28,1,0
BRDA:198,29,0,2
BRDA:198,29,1,4
BRDA:203,30,0,0
BRDA:203,30,1,6
BRDA:215,31,0,6
BRDA:215,31,1,0
BRDA:216,32,0,6
BRDA:216,32,1,0
BRDA:219,33,0,4
BRDA:219,33,1,2
BRDA:222,34,0,0
BRDA:222,34,1,0
BRDA:226,35,0,0
BRDA:226,35,1,0
BRDA:226,35,2,0
BRDA:226,35,3,0
BRDA:226,35,4,0
BRDA:235,36,0,0
BRDA:235,36,1,0
BRDA:235,37,0,0
BRDA:235,37,1,0
BRDA:240,38,0,0
BRDA:240,38,1,0
BRDA:241,39,0,0
BRDA:241,39,1,0
BRDA:249,40,0,0
BRDA:249,40,1,0
BRDA:249,41,0,0
BRDA:249,41,1,0
BRDA:259,42,0,1
BRDA:259,42,1,5
BRDA:259,43,0,6
BRDA:259,43,1,6
BRDA:272,44,0,2
BRDA:272,44,1,3
BRDA:273,45,0,2
BRDA:273,45,1,0
BRDA:273,45,2,0
BRDA:274,46,0,2
BRDA:274,46,1,0
BRDA:274,47,0,2
BRDA:274,47,1,2
BRDA:278,48,0,3
BRDA:278,48,1,0
BRDA:281,49,0,3
BRDA:281,49,1,0
BRDA:282,50,0,3
BRDA:282,50,1,2
BRDA:284,51,0,1
BRDA:284,51,1,2
BRDA:284,52,0,3
BRDA:284,52,1,3
BRDA:284,52,2,2
BRDA:287,53,0,1
BRDA:287,53,1,0
BRDA:287,54,0,1
BRDA:287,54,1,1
BRDA:301,55,0,2
BRDA:301,55,1,2
BRDA:301,55,2,2
BRDA:301,55,3,0
BRDA:304,56,0,0
BRDA:304,56,1,2
BRDA:310,57,0,0
BRDA:310,57,1,0
BRDA:314,58,0,2
BRDA:314,58,1,0
BRDA:319,59,0,0
BRDA:319,59,1,0
BRDA:326,60,0,5
BRDA:326,60,1,0
BRDA:327,61,0,5
BRDA:327,61,1,5
BRDA:328,62,0,1
BRDA:328,62,1,4
BRDA:332,63,0,3
BRDA:332,63,1,2
BRDA:332,64,0,5
BRDA:332,64,1,2
BRDA:358,65,0,0
BRDA:358,65,1,0
BRDA:380,66,0,0
BRDA:380,66,1,0
BRDA:398,67,0,0
BRDA:398,67,1,0
BRDA:402,68,0,3
BRDA:402,68,1,2
BRDA:413,69,0,0
BRDA:413,69,1,3
BRDA:413,70,0,3
BRDA:413,70,1,0
BRDA:450,71,0,3
BRDA:450,71,1,2
BRDA:461,72,0,1
BRDA:461,72,1,0
BRDA:468,73,0,1
BRDA:468,73,1,0
BRDA:469,74,0,1
BRDA:469,74,1,0
BRDA:469,74,2,0
BRDA:469,74,3,0
BRDA:469,74,4,0
BRDA:492,75,0,0
BRDA:492,75,1,0
BRDA:495,76,0,0
BRDA:495,76,1,0
BRDA:500,77,0,0
BRDA:500,77,1,0
BRDA:501,78,0,0
BRDA:501,78,1,0
BRDA:501,79,0,0
BRDA:501,79,1,0
BRDA:518,80,0,5
BRDA:518,80,1,11
BRDA:518,81,0,16
BRDA:518,81,1,15
BRDA:518,81,2,14
BRDA:518,81,3,12
BRDA:531,82,0,11
BRDA:531,82,1,9
BRDA:531,82,2,8
BRDA:531,82,3,2
BRDA:534,83,0,11
BRDA:534,83,1,7
BRF:181
BRH:100
end_of_record
